1677066145.674957 client started (12685): version 3.1c, socket /tmp/tmux-1003/default, protocol 8
1677066145.674979 on Linux 5.10.0-21-amd64 #1 SMP Debian 5.10.162-1 (2023-01-21); libevent 2.1.12-stable (poll)
1677066145.674990 socket is /tmp/tmux-1003/default
1677066145.675000 trying connect
1677066145.675049 add peer 0x5578a3f6faf0: 6 ((nil))
1677066145.675118 sending message 100 to peer 0x5578a3f6faf0 (4 bytes)
1677066145.675127 sending message 101 to peer 0x5578a3f6faf0 (14 bytes)
1677066145.675133 sending message 102 to peer 0x5578a3f6faf0 (11 bytes)
1677066145.675136 sending message 108 to peer 0x5578a3f6faf0 (23 bytes)
1677066145.675140 sending message 104 to peer 0x5578a3f6faf0 (0 bytes)
1677066145.675144 sending message 107 to peer 0x5578a3f6faf0 (4 bytes)
1677066145.675147 sending message 105 to peer 0x5578a3f6faf0 (45 bytes)
1677066145.675150 sending message 105 to peer 0x5578a3f6faf0 (60 bytes)
1677066145.675162 sending message 105 to peer 0x5578a3f6faf0 (42 bytes)
1677066145.675166 sending message 105 to peer 0x5578a3f6faf0 (16 bytes)
1677066145.675169 sending message 105 to peer 0x5578a3f6faf0 (41 bytes)
1677066145.675173 sending message 105 to peer 0x5578a3f6faf0 (20 bytes)
1677066145.675176 sending message 105 to peer 0x5578a3f6faf0 (54 bytes)
1677066145.675179 sending message 105 to peer 0x5578a3f6faf0 (21 bytes)
1677066145.675182 sending message 105 to peer 0x5578a3f6faf0 (13 bytes)
1677066145.675185 sending message 105 to peer 0x5578a3f6faf0 (12 bytes)
1677066145.675188 sending message 105 to peer 0x5578a3f6faf0 (39 bytes)
1677066145.675192 sending message 105 to peer 0x5578a3f6faf0 (16 bytes)
1677066145.675195 sending message 105 to peer 0x5578a3f6faf0 (40 bytes)
1677066145.675198 sending message 105 to peer 0x5578a3f6faf0 (40 bytes)
1677066145.675202 sending message 105 to peer 0x5578a3f6faf0 (34 bytes)
1677066145.675205 sending message 105 to peer 0x5578a3f6faf0 (47 bytes)
1677066145.675208 sending message 105 to peer 0x5578a3f6faf0 (28 bytes)
1677066145.675211 sending message 105 to peer 0x5578a3f6faf0 (16 bytes)
1677066145.675215 sending message 105 to peer 0x5578a3f6faf0 (44 bytes)
1677066145.675218 sending message 105 to peer 0x5578a3f6faf0 (31 bytes)
1677066145.675221 sending message 105 to peer 0x5578a3f6faf0 (13 bytes)
1677066145.675225 sending message 105 to peer 0x5578a3f6faf0 (17 bytes)
1677066145.675228 sending message 105 to peer 0x5578a3f6faf0 (15 bytes)
1677066145.675231 sending message 105 to peer 0x5578a3f6faf0 (13 bytes)
1677066145.675234 sending message 105 to peer 0x5578a3f6faf0 (67 bytes)
1677066145.675237 sending message 105 to peer 0x5578a3f6faf0 (53 bytes)
1677066145.675241 sending message 105 to peer 0x5578a3f6faf0 (18 bytes)
1677066145.675244 sending message 105 to peer 0x5578a3f6faf0 (10 bytes)
1677066145.675247 sending message 105 to peer 0x5578a3f6faf0 (383 bytes)
1677066145.675251 sending message 105 to peer 0x5578a3f6faf0 (44 bytes)
1677066145.675254 sending message 105 to peer 0x5578a3f6faf0 (27 bytes)
1677066145.675257 sending message 105 to peer 0x5578a3f6faf0 (19 bytes)
1677066145.675260 sending message 105 to peer 0x5578a3f6faf0 (27 bytes)
1677066145.675263 sending message 105 to peer 0x5578a3f6faf0 (14 bytes)
1677066145.675266 sending message 105 to peer 0x5578a3f6faf0 (82 bytes)
1677066145.675270 sending message 105 to peer 0x5578a3f6faf0 (15 bytes)
1677066145.675273 sending message 105 to peer 0x5578a3f6faf0 (8 bytes)
1677066145.675276 sending message 105 to peer 0x5578a3f6faf0 (19 bytes)
1677066145.675279 sending message 105 to peer 0x5578a3f6faf0 (47 bytes)
1677066145.675282 sending message 105 to peer 0x5578a3f6faf0 (19 bytes)
1677066145.675285 sending message 105 to peer 0x5578a3f6faf0 (36 bytes)
1677066145.675289 sending message 105 to peer 0x5578a3f6faf0 (13 bytes)
1677066145.675292 sending message 105 to peer 0x5578a3f6faf0 (58 bytes)
1677066145.675295 sending message 105 to peer 0x5578a3f6faf0 (10 bytes)
1677066145.675298 sending message 105 to peer 0x5578a3f6faf0 (12 bytes)
1677066145.675301 sending message 105 to peer 0x5578a3f6faf0 (17 bytes)
1677066145.675304 sending message 105 to peer 0x5578a3f6faf0 (19 bytes)
1677066145.675313 sending message 105 to peer 0x5578a3f6faf0 (44 bytes)
1677066145.675316 sending message 105 to peer 0x5578a3f6faf0 (33 bytes)
1677066145.675320 sending message 105 to peer 0x5578a3f6faf0 (25 bytes)
1677066145.675323 sending message 105 to peer 0x5578a3f6faf0 (35 bytes)
1677066145.675326 sending message 105 to peer 0x5578a3f6faf0 (25 bytes)
1677066145.675329 sending message 105 to peer 0x5578a3f6faf0 (120 bytes)
1677066145.675332 sending message 105 to peer 0x5578a3f6faf0 (38 bytes)
1677066145.675336 sending message 105 to peer 0x5578a3f6faf0 (48 bytes)
1677066145.675339 sending message 105 to peer 0x5578a3f6faf0 (22 bytes)
1677066145.675342 sending message 105 to peer 0x5578a3f6faf0 (31 bytes)
1677066145.675345 sending message 105 to peer 0x5578a3f6faf0 (15 bytes)
1677066145.675348 sending message 105 to peer 0x5578a3f6faf0 (52 bytes)
1677066145.675351 sending message 105 to peer 0x5578a3f6faf0 (23 bytes)
1677066145.675355 sending message 105 to peer 0x5578a3f6faf0 (25 bytes)
1677066145.675358 sending message 105 to peer 0x5578a3f6faf0 (17 bytes)
1677066145.675361 sending message 105 to peer 0x5578a3f6faf0 (58 bytes)
1677066145.675364 sending message 105 to peer 0x5578a3f6faf0 (21 bytes)
1677066145.675367 sending message 105 to peer 0x5578a3f6faf0 (39 bytes)
1677066145.675370 sending message 105 to peer 0x5578a3f6faf0 (11 bytes)
1677066145.675374 sending message 105 to peer 0x5578a3f6faf0 (31 bytes)
1677066145.675377 sending message 105 to peer 0x5578a3f6faf0 (16 bytes)
1677066145.675380 sending message 105 to peer 0x5578a3f6faf0 (65 bytes)
1677066145.675383 sending message 106 to peer 0x5578a3f6faf0 (0 bytes)
1677066145.675387 sending message 200 to peer 0x5578a3f6faf0 (4 bytes)
1677066145.675390 client loop enter
1677066145.675613 peer 0x5578a3f6faf0 message 303
1677066145.675620 open write file 2 -
1677066145.675628 sending message 305 to peer 0x5578a3f6faf0 (8 bytes)
1677066145.675694 peer 0x5578a3f6faf0 message 304
1677066145.675699 write 58 to file 2
1677066145.675703 peer 0x5578a3f6faf0 message 203
1677066145.675706 file 2 58 bytes left
1677066145.675718 client loop exit
