

times in msec
 clock   self+sourced   self:  sourced script
 clock   elapsed:              other lines

000.004  000.004: --- NVIM STARTING ---
000.106  000.101: event init
000.145  000.040: early init
000.176  000.030: locale set
000.203  000.027: init first window
000.329  000.126: inits 1
000.338  000.008: window checked
000.339  000.001: parsing arguments
000.598  000.022  000.022: require('vim.shared')
000.655  000.026  000.026: require('vim.inspect')
000.684  000.020  000.020: require('vim._options')
000.685  000.085  000.039: require('vim._editor')
000.686  000.136  000.030: require('vim._init_packages')
000.687  000.212: init lua interpreter
000.732  000.045: expanding arguments
000.741  000.009: inits 2
000.887  000.146: init highlight
000.887  000.001: waiting for UI
001.234  000.347: done waiting for UI
001.240  000.006: clear screen
001.252  000.005  000.005: require('vim.keymap')
001.349  000.105: init default mappings & autocommands
001.995  000.040  000.040: sourcing /usr/local/share/nvim/runtime/ftplugin.vim
002.097  000.015  000.015: sourcing /usr/local/share/nvim/runtime/indent.vim
002.438  000.049  000.049: sourcing /usr/local/share/nvim/runtime/syntax/synload.vim
002.770  000.198  000.198: sourcing /usr/local/share/nvim/runtime/filetype.lua
003.856  000.880  000.880: require('vim.filetype')
005.128  000.770  000.770: require('vim.filetype.detect')
005.259  002.956  001.058: sourcing /usr/local/share/nvim/runtime/syntax/syntax.vim
005.425  000.042  000.042: sourcing /usr/local/share/nvim/runtime/filetype.lua
005.641  000.116  000.116: require('vim.uri')
005.651  000.151  000.035: require('vim.loader')
005.659  003.509  000.359: require('settings')
005.692  000.013  000.013: require('vim.fs')
006.279  000.619  000.606: require('keymaps')
006.349  000.068  000.068: require('autocmd')
007.282  000.043  000.043: require('packer.util')
007.297  000.888  000.845: require('packer')
007.397  000.099  000.099: require('packer.log')
007.490  000.041  000.041: require('packer.async')
007.575  000.035  000.035: require('packer.result')
007.577  000.085  000.050: require('packer.jobs')
007.580  000.174  000.048: require('packer.plugin_utils')
007.654  000.069  000.069: require('packer.snapshot')
007.737  001.387  000.157: require('packs')
007.739  005.601  000.019: sourcing /home/mete/.config/nvim/init.lua
007.743  000.737: sourcing vimrc file(s)
008.531  000.058  000.058: require('nvim-autopairs._log')
008.596  000.063  000.063: require('nvim-autopairs.utils')
008.887  000.134  000.134: require('nvim-autopairs.conds')
008.893  000.209  000.075: require('nvim-autopairs.rule')
008.894  000.296  000.087: require('nvim-autopairs.rules.basic')
008.900  000.555  000.138: require('nvim-autopairs')
009.458  000.066  000.066: require('which-key.util')
009.462  000.130  000.064: require('which-key.tree')
009.583  000.119  000.119: require('which-key.config')
009.591  000.365  000.116: require('which-key.keys')
009.594  000.480  000.115: require('which-key')
009.631  001.532  000.497: sourcing /home/mete/.config/nvim/plugin/packer_compiled.lua
009.885  000.087  000.087: sourcing /usr/local/share/nvim/runtime/plugin/gzip.vim
010.276  000.109  000.109: sourcing /usr/local/share/nvim/runtime/pack/dist/opt/matchit/plugin/matchit.vim
010.310  000.414  000.305: sourcing /usr/local/share/nvim/runtime/plugin/matchit.vim
010.399  000.079  000.079: sourcing /usr/local/share/nvim/runtime/plugin/matchparen.vim
010.420  000.010  000.010: sourcing /usr/local/share/nvim/runtime/plugin/netrwPlugin.vim
010.503  000.005  000.005: sourcing /home/mete/.local/share/nvim/rplugin.vim
010.508  000.078  000.073: sourcing /usr/local/share/nvim/runtime/plugin/rplugin.vim
010.549  000.034  000.034: sourcing /usr/local/share/nvim/runtime/plugin/shada.vim
010.574  000.013  000.013: sourcing /usr/local/share/nvim/runtime/plugin/spellfile.vim
010.738  000.153  000.153: sourcing /usr/local/share/nvim/runtime/plugin/tarPlugin.vim
010.819  000.049  000.049: sourcing /usr/local/share/nvim/runtime/plugin/tohtml.vim
010.846  000.009  000.009: sourcing /usr/local/share/nvim/runtime/plugin/tutor.vim
010.960  000.080  000.080: sourcing /usr/local/share/nvim/runtime/plugin/zipPlugin.vim
011.022  000.046  000.046: sourcing /usr/local/share/nvim/runtime/plugin/editorconfig.lua
011.081  000.046  000.046: sourcing /usr/local/share/nvim/runtime/plugin/man.lua
011.142  000.047  000.047: sourcing /usr/local/share/nvim/runtime/plugin/nvim.lua
011.153  000.733: loading rtp plugins
011.526  000.083  000.083: require('Comment.config')
011.674  000.088  000.088: require('Comment.ft')
011.679  000.151  000.063: require('Comment.utils')
011.728  000.048  000.048: require('Comment.opfunc')
011.800  000.071  000.071: require('Comment.extra')
011.805  000.409  000.057: require('Comment.api')
011.971  000.626  000.216: sourcing /home/mete/.local/share/nvim/site/pack/packer/start/Comment.nvim/plugin/Comment.lua
012.061  000.024  000.024: sourcing /home/mete/.local/share/nvim/site/pack/packer/start/LuaSnip/plugin/luasnip.vim
012.525  000.129  000.129: require('luasnip.util.types')
012.620  000.093  000.093: require('luasnip.util.ext_opts')
012.829  000.042  000.042: require('luasnip.session')
013.845  001.139  001.097: require('luasnip.util.util')
013.848  001.226  000.087: require('luasnip.extras.filetype_functions')
013.987  001.672  000.224: require('luasnip.config')
014.108  000.025  000.025: require('luasnip.nodes.key_indexer')
014.113  000.066  000.041: require('luasnip.nodes.util')
014.174  000.027  000.027: require('luasnip.session.snippet_collection.source')
014.178  000.064  000.037: require('luasnip.session.snippet_collection')
014.369  000.163  000.163: require('luasnip.util._builtin_vars')
014.441  000.262  000.099: require('luasnip.util.environ')
014.483  000.039  000.039: require('luasnip.util.extend_decorator')
014.543  000.026  000.026: require('luasnip.loaders._caches')
014.616  000.045  000.045: require('luasnip.util.path')
014.619  000.075  000.029: require('luasnip.loaders.util')
014.627  000.142  000.041: require('luasnip.loaders')
014.670  000.040  000.040: require('luasnip.util.log')
014.679  000.689  000.076: require('luasnip')
014.721  002.643  000.281: sourcing /home/mete/.local/share/nvim/site/pack/packer/start/LuaSnip/plugin/luasnip.lua
014.803  000.031  000.031: sourcing /home/mete/.local/share/nvim/site/pack/packer/start/SearchComplete/plugin/SearchComplete.vim
015.026  000.034  000.034: require('nvim-treesitter.utils')
015.342  000.028  000.028: require('vim.treesitter.language')
015.368  000.022  000.022: require('vim.func')
015.398  000.029  000.029: require('vim.func._memoize')
015.440  000.171  000.092: require('vim.treesitter.query')
015.476  000.035  000.035: require('vim.treesitter._range')
015.484  000.269  000.064: require('vim.treesitter.languagetree')
015.488  000.326  000.056: require('vim.treesitter')
015.899  000.871  000.545: require('nvim-treesitter.parsers')
016.136  000.047  000.047: require('nvim-treesitter.compat')
016.249  000.066  000.066: require('nvim-treesitter.ts_utils')
016.254  000.116  000.050: require('nvim-treesitter.tsrange')
016.293  000.038  000.038: require('nvim-treesitter.caching')
016.305  000.283  000.082: require('nvim-treesitter.query')
016.318  000.360  000.077: require('nvim-treesitter.configs')
016.321  000.419  000.059: require('nvim-treesitter.info')
016.382  000.061  000.061: require('nvim-treesitter.shell_command_selectors')
016.403  001.472  000.087: require('nvim-treesitter.install')
016.447  000.043  000.043: require('nvim-treesitter.statusline')
016.499  000.051  000.051: require('nvim-treesitter.query_predicates')
016.501  001.606  000.040: require('nvim-treesitter')
016.510  001.666  000.061: sourcing /home/mete/.local/share/nvim/site/pack/packer/start/cellular-automaton.nvim/plugin/cellular-automaton.lua
016.621  000.013  000.013: sourcing /home/mete/.local/share/nvim/site/pack/packer/start/lsp-zero.nvim/plugin/lsp-zero.vim
016.837  000.094  000.094: require('cmp.utils.api')
016.990  000.081  000.081: require('cmp.types.cmp')
017.235  000.143  000.143: require('cmp.utils.misc')
017.288  000.296  000.153: require('cmp.types.lsp')
017.398  000.047  000.047: require('cmp.types.vim')
017.400  000.560  000.135: require('cmp.types')
017.445  000.044  000.044: require('cmp.utils.highlight')
017.527  000.040  000.040: require('cmp.utils.debug')
017.532  000.086  000.046: require('cmp.utils.autocmd')
017.708  001.021  000.237: sourcing /home/mete/.local/share/nvim/site/pack/packer/start/nvim-cmp/plugin/cmp.lua
017.809  000.053  000.053: sourcing /home/mete/.local/share/nvim/site/pack/packer/start/nvim-colorizer.lua/plugin/colorizer.lua
017.870  000.018  000.018: sourcing /home/mete/.local/share/nvim/site/pack/packer/start/nvim-jdtls/plugin/nvim_jdtls.vim
018.240  000.081  000.081: require('vim.lsp.log')
018.575  000.333  000.333: require('vim.lsp.protocol')
018.749  000.095  000.095: require('vim.lsp._snippet_grammar')
018.781  000.030  000.030: require('vim.highlight')
018.785  000.002  000.002: require('vim.F')
018.794  000.217  000.090: require('vim.lsp.util')
018.802  000.703  000.073: require('vim.lsp.handlers')
018.853  000.050  000.050: require('vim.lsp.rpc')
018.904  000.050  000.050: require('vim.lsp.sync')
018.949  000.042  000.042: require('vim.lsp.semantic_tokens')
018.995  000.044  000.044: require('vim.lsp.buf')
019.031  000.035  000.035: require('vim.lsp.diagnostic')
019.069  000.036  000.036: require('vim.lsp.codelens')
019.112  001.132  000.171: require('vim.lsp')
019.150  000.035  000.035: require('vim.version')
019.846  001.937  000.770: sourcing /home/mete/.local/share/nvim/site/pack/packer/start/nvim-lspconfig/plugin/lspconfig.lua
020.112  000.211  000.211: sourcing /home/mete/.local/share/nvim/site/pack/packer/start/nvim-treesitter/plugin/nvim-treesitter.lua
020.181  000.016  000.016: sourcing /home/mete/.local/share/nvim/site/pack/packer/start/plenary.nvim/plugin/plenary.vim
020.325  000.107  000.107: sourcing /home/mete/.local/share/nvim/site/pack/packer/start/telescope.nvim/plugin/telescope.lua
020.458  000.090  000.090: sourcing /home/mete/.local/share/nvim/site/pack/packer/start/undotree/plugin/undotree.vim
020.519  000.005  000.005: sourcing /home/mete/.local/share/nvim/site/pack/packer/start/which-key.nvim/plugin/which-key.vim
020.602  000.990: loading packages
020.857  000.045  000.045: require('cmp.utils.char')
020.861  000.082  000.037: require('cmp.utils.str')
020.958  000.025  000.025: require('cmp.utils.buffer')
020.963  000.068  000.043: require('cmp.utils.keymap')
020.965  000.102  000.034: require('cmp.utils.feedkeys')
021.096  000.054  000.054: require('cmp.config.mapping')
021.133  000.035  000.035: require('cmp.utils.cache')
021.247  000.064  000.064: require('cmp.config.compare')
021.249  000.114  000.050: require('cmp.config.default')
021.260  000.253  000.051: require('cmp.config')
021.268  000.302  000.049: require('cmp.utils.async')
021.344  000.034  000.034: require('cmp.utils.pattern')
021.349  000.080  000.046: require('cmp.context')
021.531  000.057  000.057: require('cmp.matcher')
021.540  000.139  000.082: require('cmp.entry')
021.548  000.198  000.059: require('cmp.source')
021.648  000.055  000.055: require('cmp.utils.event')
021.793  000.038  000.038: require('cmp.utils.options')
021.797  000.102  000.064: require('cmp.utils.window')
021.798  000.148  000.046: require('cmp.view.docs_view')
021.873  000.075  000.075: require('cmp.view.custom_entries_view')
021.943  000.068  000.068: require('cmp.view.wildmenu_entries_view')
022.000  000.055  000.055: require('cmp.view.native_entries_view')
022.054  000.053  000.053: require('cmp.view.ghost_text_view')
022.062  000.513  000.060: require('cmp.view')
022.261  001.548  000.270: require('cmp.core')
022.459  000.044  000.044: require('cmp.config.sources')
022.497  000.035  000.035: require('cmp.config.window')
022.533  001.870  000.243: require('cmp')
022.708  000.048  000.048: require('cmp_buffer.timer')
022.715  000.109  000.061: require('cmp_buffer.buffer')
022.718  000.149  000.040: require('cmp_buffer.source')
022.719  000.184  000.035: require('cmp_buffer')
022.731  002.099  000.044: sourcing /home/mete/.local/share/nvim/site/pack/packer/start/cmp-buffer/after/plugin/cmp_buffer.lua
022.910  000.057  000.057: require('cmp_nvim_lsp.source')
022.914  000.102  000.045: require('cmp_nvim_lsp')
022.921  000.142  000.040: sourcing /home/mete/.local/share/nvim/site/pack/packer/start/cmp-nvim-lsp/after/plugin/cmp_nvim_lsp.lua
023.031  000.040  000.040: require('cmp_nvim_lua')
023.046  000.087  000.047: sourcing /home/mete/.local/share/nvim/site/pack/packer/start/cmp-nvim-lua/after/plugin/cmp_nvim_lua.lua
023.184  000.064  000.064: require('cmp_path')
023.196  000.112  000.048: sourcing /home/mete/.local/share/nvim/site/pack/packer/start/cmp-path/after/plugin/cmp_path.lua
023.350  000.085  000.085: require('cmp_luasnip')
023.386  000.154  000.069: sourcing /home/mete/.local/share/nvim/site/pack/packer/start/cmp_luasnip/after/plugin/cmp_luasnip.lua
023.532  000.037  000.037: sourcing /home/mete/.local/share/nvim/site/pack/packer/start/vim/autoload/dracula.vim
023.541  000.116  000.079: sourcing /home/mete/.local/share/nvim/site/pack/packer/start/vim/after/plugin/dracula.vim
024.068  000.126  000.126: require('colorizer.color')
024.304  000.022  000.022: require('ffi')
024.407  000.226  000.204: require('colorizer.trie')
024.576  000.118  000.118: require('colorizer.utils')
024.578  000.170  000.052: require('colorizer.parser.names')
024.614  000.035  000.035: require('colorizer.parser.rgb')
024.645  000.030  000.030: require('colorizer.parser.hsl')
024.674  000.028  000.028: require('colorizer.parser.argb_hex')
024.702  000.027  000.027: require('colorizer.parser.rgba_hex')
024.735  000.032  000.032: require('colorizer.sass')
024.740  000.670  000.123: require('colorizer.matcher')
024.772  000.030  000.030: require('colorizer.tailwind')
024.775  000.972  000.145: require('colorizer.buffer')
024.780  001.080  000.108: require('colorizer')
024.802  001.149  000.069: sourcing /home/mete/.config/nvim/after/plugin/color.lua
024.868  000.031  000.031: require('Comment')
024.899  000.085  000.054: sourcing /home/mete/.config/nvim/after/plugin/comment.lua
024.934  000.023  000.023: sourcing /home/mete/.config/nvim/after/plugin/fluoromachine.lua
025.081  000.115  000.115: require('gruvbox')
026.130  000.921  000.921: sourcing /home/mete/.local/share/nvim/site/pack/packer/start/gruvbox.nvim/colors/gruvbox.lua
026.248  001.304  000.268: sourcing /home/mete/.config/nvim/after/plugin/gruvbox.lua
026.375  000.029  000.029: require('lsp-zero.presets')
026.441  000.025  000.025: require('lsp-zero.settings')
026.445  000.068  000.043: require('lsp-zero.server')
026.449  000.158  000.060: require('lsp-zero')
026.567  000.039  000.039: require('lsp-zero.installer')
026.620  000.026  000.026: require('mason-core.path')
026.710  000.058  000.058: require('mason-core.functional')
026.769  000.023  000.023: require('mason-core.functional.data')
026.773  000.056  000.033: require('mason-core.functional.function')
026.826  000.047  000.047: require('mason-core.functional.relation')
026.856  000.026  000.026: require('mason-core.functional.logic')
026.889  000.267  000.081: require('mason-core.platform')
026.927  000.037  000.037: require('mason.settings')
026.929  000.360  000.030: require('mason')
026.999  000.037  000.037: require('mason-core.log')
027.027  000.027  000.027: require('mason-lspconfig.settings')
027.029  000.100  000.035: require('mason-lspconfig')
027.370  000.043  000.043: require('luasnip.util.jsonc')
027.375  000.091  000.048: require('luasnip.loaders.from_vscode')
029.234  000.028  000.028: require('luasnip.util.events')
029.243  000.087  000.058: require('luasnip.nodes.node')
029.300  000.056  000.056: require('luasnip.nodes.insertNode')
029.354  000.052  000.052: require('luasnip.nodes.textNode')
029.396  000.040  000.040: require('luasnip.util.mark')
029.446  000.049  000.049: require('luasnip.util.pattern_tokenizer')
029.477  000.029  000.029: require('luasnip.util.dict')
029.508  000.030  000.030: require('luasnip.nodes.util.trig_engines')
029.545  000.465  000.123: require('luasnip.nodes.snippet')
029.547  000.508  000.042: require('luasnip.nodes.duplicate')
029.742  000.033  000.033: require('luasnip.util.parser.neovim_ast')
029.785  000.035  000.035: require('luasnip.util.str')
029.818  000.030  000.030: require('luasnip.util.directed_graph')
029.821  000.153  000.055: require('luasnip.util.parser.ast_utils')
029.879  000.058  000.058: require('luasnip.nodes.functionNode')
029.940  000.059  000.059: require('luasnip.nodes.choiceNode')
030.003  000.061  000.061: require('luasnip.nodes.dynamicNode')
030.043  000.039  000.039: require('luasnip.util.functions')
030.048  000.420  000.051: require('luasnip.util.parser.ast_parser')
030.146  000.097  000.097: require('luasnip.util.parser.neovim_parser')
030.151  000.565  000.049: require('luasnip.util.parser')
030.170  000.618  000.052: require('luasnip.nodes.snippetProxy')
030.222  000.050  000.050: require('luasnip.nodes.multiSnippet')
032.471  005.398  004.131: require('lsp-zero.snippets')
032.542  000.068  000.068: require('lsp-zero.nvim-cmp-setup')
034.180  000.184  000.184: require('vim.diagnostic')
034.407  000.069  000.069: require('mason-core.functional.list')
034.459  000.048  000.048: require('mason-core.functional.string')
034.474  000.200  000.082: require('mason.api.command')
034.528  000.051  000.051: require('mason-registry.sources')
034.702  000.034  000.034: require('mason-lspconfig.notify')
034.705  000.078  000.044: require('mason-lspconfig.lspconfig_hook')
034.840  000.134  000.134: require('lspconfig.util')
034.972  000.057  000.057: require('mason-core.functional.table')
034.998  000.156  000.099: require('mason-lspconfig.mappings.server')
035.309  000.112  000.112: require('mason-core.EventEmitter')
035.396  000.085  000.085: require('mason-core.optional')
035.664  000.184  000.184: require('mason-core.async')
035.763  000.090  000.090: require('mason-core.async.uv')
035.780  000.383  000.109: require('mason-core.fs')
035.812  000.812  000.233: require('mason-registry')
035.899  000.086  000.086: require('mason-lspconfig.server_config_extensions')
036.137  000.106  000.106: require('lspconfig.async')
036.140  000.239  000.134: require('lspconfig.configs')
036.209  000.068  000.068: require('lspconfig.server_configurations.omnisharp')
036.470  000.028  000.028: require('mason-core.functional.number')
036.482  000.083  000.055: require('mason-lspconfig.api.command')
036.539  000.026  000.026: require('lsp-zero.utils')
036.543  000.060  000.034: require('lsp-zero.state')
036.750  000.040  000.040: require('lspconfig')
036.784  000.032  000.032: require('lspconfig.server_configurations.html')
037.228  000.041  000.041: require('lspconfig.manager')
037.281  000.046  000.046: require('lspconfig.server_configurations.cssmodules_ls')
037.561  000.036  000.036: require('lspconfig.server_configurations.jsonls')
037.783  000.045  000.045: require('lspconfig.server_configurations.jdtls')
038.015  000.036  000.036: require('lspconfig.server_configurations.cssls')
038.234  000.038  000.038: require('lspconfig.server_configurations.clangd')
038.472  000.036  000.036: require('lspconfig.server_configurations.lua_ls')
038.640  000.033  000.033: require('lspconfig.server_configurations.marksman')
038.813  000.034  000.034: require('lspconfig.server_configurations.bashls')
039.122  000.040  000.040: require('lspconfig.server_configurations.pyright')
039.196  000.033  000.033: require('lspconfig.server_configurations.tsserver')
039.301  000.068  000.068: require('lspconfig.server_configurations.rust_analyzer')
039.384  013.122  004.291: sourcing /home/mete/.config/nvim/after/plugin/lsp.lua
039.506  000.036  000.036: require('lualine_require')
039.654  000.228  000.193: require('lualine')
040.163  000.037  000.037: require('lualine.themes.gruvbox_dark')
042.159  002.760  002.495: sourcing /home/mete/.config/nvim/after/plugin/lualine.lua
042.420  000.023  000.023: require('plenary.tbl')
042.423  000.056  000.033: require('plenary.vararg.rotate')
042.424  000.082  000.025: require('plenary.vararg')
042.448  000.023  000.023: require('plenary.errors')
042.476  000.027  000.027: require('plenary.functional')
042.478  000.162  000.031: require('plenary.async.async')
042.514  000.028  000.028: require('plenary.async.structs')
042.518  000.232  000.041: require('plenary.async.control')
042.728  000.033  000.033: require('plenary.bit')
042.743  000.091  000.058: require('plenary.path')
042.751  000.125  000.034: require('plenary.strings')
042.780  000.029  000.029: require('telescope.deprecated')
042.906  000.067  000.067: require('plenary.log')
042.939  000.122  000.056: require('telescope.log')
043.064  000.062  000.062: require('plenary.job')
043.099  000.033  000.033: require('telescope.state')
043.104  000.163  000.069: require('telescope.utils')
043.107  000.326  000.040: require('telescope.sorters')
043.977  001.391  000.912: require('telescope.config')
044.080  000.043  000.043: require('plenary.window.border')
044.115  000.033  000.033: require('plenary.window')
044.145  000.029  000.029: require('plenary.popup.utils')
044.148  000.168  000.063: require('plenary.popup')
044.187  000.038  000.038: require('telescope.pickers.scroller')
044.221  000.032  000.032: require('telescope.actions.state')
044.256  000.034  000.034: require('telescope.actions.utils')
044.328  000.034  000.034: require('telescope.actions.mt')
044.337  000.079  000.046: require('telescope.actions.set')
044.411  000.041  000.041: require('telescope.config.resolve')
044.413  000.075  000.034: require('telescope.pickers.entry_display')
044.442  000.028  000.028: require('telescope.from_entry')
044.538  002.019  000.173: require('telescope.actions')
044.679  000.099  000.099: require('telescope.make_entry')
044.807  000.036  000.036: require('plenary.async.util')
044.810  000.065  000.029: require('plenary.async.tests')
044.811  000.098  000.033: require('plenary.async')
044.814  000.133  000.035: require('telescope.finders.async_static_finder')
044.921  000.028  000.028: require('plenary.class')
044.929  000.075  000.047: require('telescope._')
044.930  000.115  000.040: require('telescope.finders.async_oneshot_finder')
044.962  000.031  000.031: require('telescope.finders.async_job_finder')
044.965  000.425  000.047: require('telescope.finders')
045.678  000.092  000.092: require('telescope._extensions')
045.682  000.188  000.096: require('telescope')
045.731  000.048  000.048: require('telescope.debounce')
045.816  000.082  000.082: require('telescope.mappings')
045.863  000.045  000.045: require('telescope.pickers.highlights')
045.903  000.038  000.038: require('telescope.pickers.window')
045.983  000.040  000.040: require('telescope.algos.linked_list')
045.986  000.082  000.042: require('telescope.entry_manager')
046.029  000.042  000.042: require('telescope.pickers.multi')
046.041  001.075  000.550: require('telescope.pickers')
046.048  003.802  000.050: require('telescope.builtin.__lsp')
046.068  003.869  000.067: require('telescope.builtin')
046.117  003.944  000.075: sourcing /home/mete/.config/nvim/after/plugin/telescope.lua
046.539  000.047  000.047: require('nvim-tree.notify')
046.546  000.093  000.046: require('nvim-tree.events')
046.715  000.046  000.046: require('nvim-tree.log')
046.826  000.055  000.055: require('nvim-tree.iterators.node-iterator')
046.846  000.130  000.075: require('nvim-tree.utils')
046.905  000.057  000.057: require('nvim-tree.git.utils')
046.961  000.055  000.055: require('nvim-tree.git.runner')
047.017  000.054  000.054: require('nvim-tree.watcher')
047.060  000.041  000.041: require('nvim-tree.explorer.node')
047.064  000.458  000.075: require('nvim-tree.git')
047.108  000.043  000.043: require('nvim-tree.explorer.watch')
047.191  000.041  000.041: require('nvim-tree.explorer.node-builders')
047.243  000.050  000.050: require('nvim-tree.explorer.sorters')
047.291  000.046  000.046: require('nvim-tree.explorer.filters')
047.441  000.098  000.098: require('nvim-tree.view')
047.445  000.153  000.055: require('nvim-tree.live-filter')
047.447  000.337  000.047: require('nvim-tree.explorer.explore')
047.496  000.049  000.049: require('nvim-tree.explorer.reload')
047.501  000.954  000.067: require('nvim-tree.explorer')
047.504  001.089  000.041: require('nvim-tree.core')
047.595  000.043  000.043: require('nvim-tree.modified')
047.598  000.086  000.043: require('nvim-tree.renderer.components.modified')
047.647  000.047  000.047: require('nvim-tree.renderer.components.padding')
047.692  000.044  000.044: require('nvim-tree.renderer.components.icons')
047.738  000.044  000.044: require('nvim-tree.renderer.components.full-name')
047.791  000.052  000.052: require('nvim-tree.renderer.components.git')
047.872  000.037  000.037: require('nvim-tree.enum')
047.875  000.082  000.045: require('nvim-tree.renderer.components.diagnostics')
048.038  000.057  000.057: require('nvim-tree.marks')
048.042  000.107  000.050: require('nvim-tree.renderer.components.bookmarks')
048.049  000.173  000.066: require('nvim-tree.renderer.builder')
048.053  001.703  000.087: require('nvim-tree.renderer')
048.057  001.775  000.072: require('nvim-tree.lib')
048.111  000.054  000.054: require('nvim-tree.colors')
048.328  000.052  000.052: require('nvim-tree.actions.finders.find-file')
048.330  000.092  000.040: require('nvim-tree.actions.tree.open')
048.370  000.038  000.038: require('nvim-tree.actions.tree.toggle')
048.412  000.040  000.040: require('nvim-tree.actions.reloaders.reloaders')
048.447  000.033  000.033: require('nvim-tree.actions.root.dir-up')
048.487  000.038  000.038: require('nvim-tree.actions.tree.find-file')
048.533  000.045  000.045: require('nvim-tree.actions.finders.search-node')
048.576  000.041  000.041: require('nvim-tree.actions.tree-modifiers.collapse-all')
048.617  000.039  000.039: require('nvim-tree.actions.tree-modifiers.expand-all')
048.656  000.038  000.038: require('nvim-tree.actions.tree-modifiers.toggles')
048.757  000.054  000.054: require('nvim-tree.keymap')
048.763  000.104  000.050: require('nvim-tree.help')
048.816  000.050  000.050: require('nvim-tree.actions.fs.create-file')
048.869  000.051  000.051: require('nvim-tree.actions.fs.remove-file')
048.916  000.046  000.046: require('nvim-tree.actions.fs.trash')
048.965  000.046  000.046: require('nvim-tree.actions.fs.rename-file')
049.040  000.072  000.072: require('nvim-tree.actions.fs.copy-paste')
049.196  000.089  000.089: require('nvim-tree.actions.node.file-popup')
049.258  000.060  000.060: require('nvim-tree.actions.node.run-command')
049.333  000.073  000.073: require('nvim-tree.actions.node.system-open')
049.415  000.080  000.080: require('nvim-tree.actions.moves.sibling')
049.483  000.063  000.063: require('nvim-tree.actions.moves.parent')
049.554  000.069  000.069: require('nvim-tree.actions.moves.item')
049.637  000.070  000.070: require('nvim-tree.marks.bulk-delete')
049.706  000.068  000.068: require('nvim-tree.marks.bulk-trash')
049.778  000.070  000.070: require('nvim-tree.marks.bulk-move')
050.049  000.201  000.201: require('nvim-tree.actions.node.open-file')
050.071  000.292  000.091: require('nvim-tree.marks.navigation')
050.081  001.911  000.203: require('nvim-tree.api')
050.105  001.992  000.081: require('nvim-tree.commands')
050.242  000.136  000.136: require('nvim-tree.actions.root.change-dir')
050.354  000.111  000.111: require('nvim-tree.legacy')
050.442  004.276  000.209: require('nvim-tree')
050.729  000.085  000.085: require('nvim-tree.actions')
050.925  000.084  000.084: require('nvim-tree.diagnostics')
051.230  005.099  000.653: sourcing /home/mete/.config/nvim/after/plugin/tree.lua
052.270  000.040  000.040: require('nvim-treesitter.highlight')
052.295  001.050  001.010: sourcing /home/mete/.config/nvim/after/plugin/treesitter.lua
052.352  000.044  000.044: sourcing /home/mete/.config/nvim/after/plugin/undotree.lua
052.355  000.463: loading after plugins
052.361  000.006: inits 3
053.401  001.039: reading ShaDa
053.630  000.048  000.048: require('luasnip.loaders.from_lua')
053.683  000.040  000.040: require('luasnip.loaders.from_snipmate')
053.698  000.209: opening buffers
053.774  000.076: BufEnter autocommands
053.775  000.002: editing files in windows
053.829  000.042  000.042: require('mason-core.terminator')


times in msec
 clock   self+sourced   self:  sourced script
 clock   elapsed:              other lines

000.007  000.007: --- NVIM STARTING ---
000.168  000.161: event init
000.240  000.072: early init
000.283  000.043: locale set
000.324  000.041: init first window
000.534  000.210: inits 1
000.542  000.008: window checked
000.544  000.002: parsing arguments
000.852  000.026  000.026: require('vim.shared')
000.907  000.026  000.026: require('vim.inspect')
000.935  000.020  000.020: require('vim._options')
000.936  000.082  000.036: require('vim._editor')
000.937  000.141  000.034: require('vim._init_packages')
000.938  000.253: init lua interpreter
001.382  000.444: expanding arguments
001.398  000.015: inits 2
001.552  000.155: init highlight
