1685362386.372700 client started (6676): version 3.1c, socket /tmp/tmux-1003/default, protocol 8
1685362386.372721 on Linux 5.10.0-23-amd64 #1 SMP Debian 5.10.179-1 (2023-05-12); libevent 2.1.12-stable (poll)
1685362386.372732 socket is /tmp/tmux-1003/default
1685362386.372741 trying connect
1685362386.372780 add peer 0x55f10d9ff900: 6 ((nil))
1685362386.372838 sending message 100 to peer 0x55f10d9ff900 (4 bytes)
1685362386.372843 sending message 101 to peer 0x55f10d9ff900 (14 bytes)
1685362386.372847 sending message 102 to peer 0x55f10d9ff900 (11 bytes)
1685362386.372850 sending message 108 to peer 0x55f10d9ff900 (24 bytes)
1685362386.372853 sending message 104 to peer 0x55f10d9ff900 (0 bytes)
1685362386.372857 sending message 107 to peer 0x55f10d9ff900 (4 bytes)
1685362386.372860 sending message 105 to peer 0x55f10d9ff900 (45 bytes)
1685362386.372863 sending message 105 to peer 0x55f10d9ff900 (60 bytes)
1685362386.372866 sending message 105 to peer 0x55f10d9ff900 (42 bytes)
1685362386.372869 sending message 105 to peer 0x55f10d9ff900 (16 bytes)
1685362386.372872 sending message 105 to peer 0x55f10d9ff900 (41 bytes)
1685362386.372884 sending message 105 to peer 0x55f10d9ff900 (20 bytes)
1685362386.372888 sending message 105 to peer 0x55f10d9ff900 (54 bytes)
1685362386.372891 sending message 105 to peer 0x55f10d9ff900 (21 bytes)
1685362386.372894 sending message 105 to peer 0x55f10d9ff900 (13 bytes)
1685362386.372897 sending message 105 to peer 0x55f10d9ff900 (12 bytes)
1685362386.372901 sending message 105 to peer 0x55f10d9ff900 (39 bytes)
1685362386.372904 sending message 105 to peer 0x55f10d9ff900 (16 bytes)
1685362386.372907 sending message 105 to peer 0x55f10d9ff900 (40 bytes)
1685362386.372910 sending message 105 to peer 0x55f10d9ff900 (40 bytes)
1685362386.372913 sending message 105 to peer 0x55f10d9ff900 (34 bytes)
1685362386.372917 sending message 105 to peer 0x55f10d9ff900 (79 bytes)
1685362386.372920 sending message 105 to peer 0x55f10d9ff900 (47 bytes)
1685362386.372923 sending message 105 to peer 0x55f10d9ff900 (28 bytes)
1685362386.372926 sending message 105 to peer 0x55f10d9ff900 (24 bytes)
1685362386.372930 sending message 105 to peer 0x55f10d9ff900 (16 bytes)
1685362386.372933 sending message 105 to peer 0x55f10d9ff900 (44 bytes)
1685362386.372936 sending message 105 to peer 0x55f10d9ff900 (31 bytes)
1685362386.372939 sending message 105 to peer 0x55f10d9ff900 (13 bytes)
1685362386.372942 sending message 105 to peer 0x55f10d9ff900 (17 bytes)
1685362386.372945 sending message 105 to peer 0x55f10d9ff900 (15 bytes)
1685362386.372949 sending message 105 to peer 0x55f10d9ff900 (13 bytes)
1685362386.372952 sending message 105 to peer 0x55f10d9ff900 (51 bytes)
1685362386.372955 sending message 105 to peer 0x55f10d9ff900 (18 bytes)
1685362386.372958 sending message 105 to peer 0x55f10d9ff900 (10 bytes)
1685362386.372961 sending message 105 to peer 0x55f10d9ff900 (201 bytes)
1685362386.372965 sending message 105 to peer 0x55f10d9ff900 (44 bytes)
1685362386.372968 sending message 105 to peer 0x55f10d9ff900 (28 bytes)
1685362386.372971 sending message 105 to peer 0x55f10d9ff900 (19 bytes)
1685362386.372974 sending message 105 to peer 0x55f10d9ff900 (27 bytes)
1685362386.372977 sending message 105 to peer 0x55f10d9ff900 (14 bytes)
1685362386.372980 sending message 105 to peer 0x55f10d9ff900 (119 bytes)
1685362386.372984 sending message 105 to peer 0x55f10d9ff900 (15 bytes)
1685362386.372987 sending message 105 to peer 0x55f10d9ff900 (8 bytes)
1685362386.372990 sending message 105 to peer 0x55f10d9ff900 (19 bytes)
1685362386.372993 sending message 105 to peer 0x55f10d9ff900 (41 bytes)
1685362386.372996 sending message 105 to peer 0x55f10d9ff900 (19 bytes)
1685362386.372999 sending message 105 to peer 0x55f10d9ff900 (35 bytes)
1685362386.373003 sending message 105 to peer 0x55f10d9ff900 (13 bytes)
1685362386.373006 sending message 105 to peer 0x55f10d9ff900 (58 bytes)
1685362386.373009 sending message 105 to peer 0x55f10d9ff900 (10 bytes)
1685362386.373012 sending message 105 to peer 0x55f10d9ff900 (12 bytes)
1685362386.373015 sending message 105 to peer 0x55f10d9ff900 (17 bytes)
1685362386.373023 sending message 105 to peer 0x55f10d9ff900 (18 bytes)
1685362386.373027 sending message 105 to peer 0x55f10d9ff900 (44 bytes)
1685362386.373030 sending message 105 to peer 0x55f10d9ff900 (33 bytes)
1685362386.373033 sending message 105 to peer 0x55f10d9ff900 (25 bytes)
1685362386.373036 sending message 105 to peer 0x55f10d9ff900 (35 bytes)
1685362386.373039 sending message 105 to peer 0x55f10d9ff900 (25 bytes)
1685362386.373043 sending message 105 to peer 0x55f10d9ff900 (147 bytes)
1685362386.373046 sending message 105 to peer 0x55f10d9ff900 (38 bytes)
1685362386.373049 sending message 105 to peer 0x55f10d9ff900 (48 bytes)
1685362386.373052 sending message 105 to peer 0x55f10d9ff900 (22 bytes)
1685362386.373055 sending message 105 to peer 0x55f10d9ff900 (31 bytes)
1685362386.373059 sending message 105 to peer 0x55f10d9ff900 (15 bytes)
1685362386.373062 sending message 105 to peer 0x55f10d9ff900 (52 bytes)
1685362386.373065 sending message 105 to peer 0x55f10d9ff900 (23 bytes)
1685362386.373068 sending message 105 to peer 0x55f10d9ff900 (25 bytes)
1685362386.373071 sending message 105 to peer 0x55f10d9ff900 (17 bytes)
1685362386.373074 sending message 105 to peer 0x55f10d9ff900 (58 bytes)
1685362386.373078 sending message 105 to peer 0x55f10d9ff900 (21 bytes)
1685362386.373081 sending message 105 to peer 0x55f10d9ff900 (39 bytes)
1685362386.373084 sending message 105 to peer 0x55f10d9ff900 (11 bytes)
1685362386.373087 sending message 105 to peer 0x55f10d9ff900 (31 bytes)
1685362386.373090 sending message 105 to peer 0x55f10d9ff900 (16 bytes)
1685362386.373093 sending message 105 to peer 0x55f10d9ff900 (65 bytes)
1685362386.373096 sending message 106 to peer 0x55f10d9ff900 (0 bytes)
1685362386.373100 sending message 200 to peer 0x55f10d9ff900 (4 bytes)
1685362386.373103 client loop enter
1685362386.373308 peer 0x55f10d9ff900 message 303
1685362386.373313 open write file 2 -
1685362386.373321 sending message 305 to peer 0x55f10d9ff900 (8 bytes)
1685362386.373377 peer 0x55f10d9ff900 message 304
1685362386.373381 write 58 to file 2
1685362386.373385 peer 0x55f10d9ff900 message 203
1685362386.373388 file 2 58 bytes left
1685362386.373399 client loop exit
