1686560203.137521 client started (7290): version 3.3a, socket /tmp/tmux-1003/default, protocol 8
1686560203.137534 on Linux 6.1.0-9-amd64 #1 SMP PREEMPT_DYNAMIC Debian 6.1.27-1 (2023-05-08)
1686560203.137537 using libevent 2.1.12-stable (poll); ncurses 6.3
1686560203.137546 flags are 0x10010000
1686560203.137548 socket is /tmp/tmux-1003/default
1686560203.137555 trying connect
1686560203.137587 add peer 0x55a65d770c80: 6 ((nil))
1686560203.137712 sending message 100 to peer 0x55a65d770c80 (4 bytes)
1686560203.137716 sending message 111 to peer 0x55a65d770c80 (8 bytes)
1686560203.137718 sending message 101 to peer 0x55a65d770c80 (14 bytes)
1686560203.137719 sending message 109 to peer 0x55a65d770c80 (4 bytes)
1686560203.137721 sending message 102 to peer 0x55a65d770c80 (11 bytes)
1686560203.137722 sending message 108 to peer 0x55a65d770c80 (24 bytes)
1686560203.137724 sending message 112 to peer 0x55a65d770c80 (70 bytes)
1686560203.137725 sending message 112 to peer 0x55a65d770c80 (5 bytes)
1686560203.137727 sending message 112 to peer 0x55a65d770c80 (5 bytes)
1686560203.137729 sending message 112 to peer 0x55a65d770c80 (6 bytes)
1686560203.137730 sending message 112 to peer 0x55a65d770c80 (6 bytes)
1686560203.137732 sending message 112 to peer 0x55a65d770c80 (11 bytes)
1686560203.137733 sending message 112 to peer 0x55a65d770c80 (10 bytes)
1686560203.137735 sending message 112 to peer 0x55a65d770c80 (13 bytes)
1686560203.137736 sending message 112 to peer 0x55a65d770c80 (13 bytes)
1686560203.137738 sending message 112 to peer 0x55a65d770c80 (18 bytes)
1686560203.137739 sending message 112 to peer 0x55a65d770c80 (11 bytes)
1686560203.137741 sending message 112 to peer 0x55a65d770c80 (10 bytes)
1686560203.137742 sending message 112 to peer 0x55a65d770c80 (15 bytes)
1686560203.137744 sending message 112 to peer 0x55a65d770c80 (21 bytes)
1686560203.137745 sending message 112 to peer 0x55a65d770c80 (13 bytes)
1686560203.137747 sending message 112 to peer 0x55a65d770c80 (7 bytes)
1686560203.137748 sending message 112 to peer 0x55a65d770c80 (13 bytes)
1686560203.137750 sending message 112 to peer 0x55a65d770c80 (7 bytes)
1686560203.137752 sending message 112 to peer 0x55a65d770c80 (13 bytes)
1686560203.137753 sending message 112 to peer 0x55a65d770c80 (9 bytes)
1686560203.137755 sending message 112 to peer 0x55a65d770c80 (21 bytes)
1686560203.137756 sending message 112 to peer 0x55a65d770c80 (13 bytes)
1686560203.137758 sending message 112 to peer 0x55a65d770c80 (8 bytes)
1686560203.137759 sending message 112 to peer 0x55a65d770c80 (12 bytes)
1686560203.137761 sending message 112 to peer 0x55a65d770c80 (13 bytes)
1686560203.137762 sending message 112 to peer 0x55a65d770c80 (9 bytes)
1686560203.137764 sending message 112 to peer 0x55a65d770c80 (9 bytes)
1686560203.137765 sending message 112 to peer 0x55a65d770c80 (12 bytes)
1686560203.137767 sending message 112 to peer 0x55a65d770c80 (8 bytes)
1686560203.137768 sending message 112 to peer 0x55a65d770c80 (8 bytes)
1686560203.137770 sending message 112 to peer 0x55a65d770c80 (7 bytes)
1686560203.137771 sending message 112 to peer 0x55a65d770c80 (7 bytes)
1686560203.137773 sending message 112 to peer 0x55a65d770c80 (9 bytes)
1686560203.137774 sending message 112 to peer 0x55a65d770c80 (13 bytes)
1686560203.137776 sending message 112 to peer 0x55a65d770c80 (6 bytes)
1686560203.137777 sending message 112 to peer 0x55a65d770c80 (9 bytes)
1686560203.137779 sending message 112 to peer 0x55a65d770c80 (15 bytes)
1686560203.137780 sending message 112 to peer 0x55a65d770c80 (13 bytes)
1686560203.137782 sending message 112 to peer 0x55a65d770c80 (12 bytes)
1686560203.137783 sending message 112 to peer 0x55a65d770c80 (8 bytes)
1686560203.137785 sending message 112 to peer 0x55a65d770c80 (14 bytes)
1686560203.137786 sending message 112 to peer 0x55a65d770c80 (11 bytes)
1686560203.137788 sending message 112 to peer 0x55a65d770c80 (9 bytes)
1686560203.137789 sending message 112 to peer 0x55a65d770c80 (10 bytes)
1686560203.137791 sending message 112 to peer 0x55a65d770c80 (10 bytes)
1686560203.137792 sending message 112 to peer 0x55a65d770c80 (10 bytes)
1686560203.137797 sending message 112 to peer 0x55a65d770c80 (10 bytes)
1686560203.137799 sending message 112 to peer 0x55a65d770c80 (11 bytes)
1686560203.137800 sending message 112 to peer 0x55a65d770c80 (12 bytes)
1686560203.137802 sending message 112 to peer 0x55a65d770c80 (12 bytes)
1686560203.137803 sending message 112 to peer 0x55a65d770c80 (12 bytes)
1686560203.137805 sending message 112 to peer 0x55a65d770c80 (12 bytes)
1686560203.137806 sending message 112 to peer 0x55a65d770c80 (12 bytes)
1686560203.137808 sending message 112 to peer 0x55a65d770c80 (11 bytes)
1686560203.137809 sending message 112 to peer 0x55a65d770c80 (11 bytes)
1686560203.137811 sending message 112 to peer 0x55a65d770c80 (12 bytes)
1686560203.137812 sending message 112 to peer 0x55a65d770c80 (12 bytes)
1686560203.137814 sending message 112 to peer 0x55a65d770c80 (12 bytes)
1686560203.137815 sending message 112 to peer 0x55a65d770c80 (12 bytes)
1686560203.137817 sending message 112 to peer 0x55a65d770c80 (12 bytes)
1686560203.137818 sending message 112 to peer 0x55a65d770c80 (10 bytes)
1686560203.137820 sending message 112 to peer 0x55a65d770c80 (12 bytes)
1686560203.137821 sending message 112 to peer 0x55a65d770c80 (13 bytes)
1686560203.137823 sending message 112 to peer 0x55a65d770c80 (13 bytes)
1686560203.137824 sending message 112 to peer 0x55a65d770c80 (13 bytes)
1686560203.137826 sending message 112 to peer 0x55a65d770c80 (13 bytes)
1686560203.137827 sending message 112 to peer 0x55a65d770c80 (13 bytes)
1686560203.137829 sending message 112 to peer 0x55a65d770c80 (8 bytes)
1686560203.137831 sending message 112 to peer 0x55a65d770c80 (11 bytes)
1686560203.137832 sending message 112 to peer 0x55a65d770c80 (11 bytes)
1686560203.137834 sending message 112 to peer 0x55a65d770c80 (11 bytes)
1686560203.137835 sending message 112 to peer 0x55a65d770c80 (12 bytes)
1686560203.137837 sending message 112 to peer 0x55a65d770c80 (12 bytes)
1686560203.137838 sending message 112 to peer 0x55a65d770c80 (12 bytes)
1686560203.137840 sending message 112 to peer 0x55a65d770c80 (12 bytes)
1686560203.137841 sending message 112 to peer 0x55a65d770c80 (13 bytes)
1686560203.137842 sending message 112 to peer 0x55a65d770c80 (13 bytes)
1686560203.137844 sending message 112 to peer 0x55a65d770c80 (13 bytes)
1686560203.137845 sending message 112 to peer 0x55a65d770c80 (8 bytes)
1686560203.137847 sending message 112 to peer 0x55a65d770c80 (13 bytes)
1686560203.137849 sending message 112 to peer 0x55a65d770c80 (13 bytes)
1686560203.137850 sending message 112 to peer 0x55a65d770c80 (13 bytes)
1686560203.137851 sending message 112 to peer 0x55a65d770c80 (13 bytes)
1686560203.137853 sending message 112 to peer 0x55a65d770c80 (13 bytes)
1686560203.137854 sending message 112 to peer 0x55a65d770c80 (12 bytes)
1686560203.137856 sending message 112 to peer 0x55a65d770c80 (12 bytes)
1686560203.137857 sending message 112 to peer 0x55a65d770c80 (12 bytes)
1686560203.137859 sending message 112 to peer 0x55a65d770c80 (12 bytes)
1686560203.137860 sending message 112 to peer 0x55a65d770c80 (13 bytes)
1686560203.137862 sending message 112 to peer 0x55a65d770c80 (8 bytes)
1686560203.137863 sending message 112 to peer 0x55a65d770c80 (13 bytes)
1686560203.137865 sending message 112 to peer 0x55a65d770c80 (13 bytes)
1686560203.137866 sending message 112 to peer 0x55a65d770c80 (13 bytes)
1686560203.137868 sending message 112 to peer 0x55a65d770c80 (13 bytes)
1686560203.137870 sending message 112 to peer 0x55a65d770c80 (13 bytes)
1686560203.137871 sending message 112 to peer 0x55a65d770c80 (13 bytes)
1686560203.137873 sending message 112 to peer 0x55a65d770c80 (13 bytes)
1686560203.137874 sending message 112 to peer 0x55a65d770c80 (12 bytes)
1686560203.137876 sending message 112 to peer 0x55a65d770c80 (12 bytes)
1686560203.137877 sending message 112 to peer 0x55a65d770c80 (12 bytes)
1686560203.137878 sending message 112 to peer 0x55a65d770c80 (8 bytes)
1686560203.137880 sending message 112 to peer 0x55a65d770c80 (12 bytes)
1686560203.137881 sending message 112 to peer 0x55a65d770c80 (13 bytes)
1686560203.137885 sending message 112 to peer 0x55a65d770c80 (13 bytes)
1686560203.137886 sending message 112 to peer 0x55a65d770c80 (13 bytes)
1686560203.137888 sending message 112 to peer 0x55a65d770c80 (13 bytes)
1686560203.137889 sending message 112 to peer 0x55a65d770c80 (13 bytes)
1686560203.137891 sending message 112 to peer 0x55a65d770c80 (13 bytes)
1686560203.137892 sending message 112 to peer 0x55a65d770c80 (13 bytes)
1686560203.137894 sending message 112 to peer 0x55a65d770c80 (13 bytes)
1686560203.137895 sending message 112 to peer 0x55a65d770c80 (12 bytes)
1686560203.137897 sending message 112 to peer 0x55a65d770c80 (10 bytes)
1686560203.137898 sending message 112 to peer 0x55a65d770c80 (12 bytes)
1686560203.137900 sending message 112 to peer 0x55a65d770c80 (12 bytes)
1686560203.137901 sending message 112 to peer 0x55a65d770c80 (12 bytes)
1686560203.137903 sending message 112 to peer 0x55a65d770c80 (13 bytes)
1686560203.137904 sending message 112 to peer 0x55a65d770c80 (13 bytes)
1686560203.137906 sending message 112 to peer 0x55a65d770c80 (13 bytes)
1686560203.137907 sending message 112 to peer 0x55a65d770c80 (13 bytes)
1686560203.137909 sending message 112 to peer 0x55a65d770c80 (13 bytes)
1686560203.137910 sending message 112 to peer 0x55a65d770c80 (13 bytes)
1686560203.137911 sending message 112 to peer 0x55a65d770c80 (13 bytes)
1686560203.137913 sending message 112 to peer 0x55a65d770c80 (10 bytes)
1686560203.137914 sending message 112 to peer 0x55a65d770c80 (13 bytes)
1686560203.137916 sending message 112 to peer 0x55a65d770c80 (12 bytes)
1686560203.137917 sending message 112 to peer 0x55a65d770c80 (12 bytes)
1686560203.137919 sending message 112 to peer 0x55a65d770c80 (12 bytes)
1686560203.137920 sending message 112 to peer 0x55a65d770c80 (10 bytes)
1686560203.137922 sending message 112 to peer 0x55a65d770c80 (10 bytes)
1686560203.137923 sending message 112 to peer 0x55a65d770c80 (10 bytes)
1686560203.137925 sending message 112 to peer 0x55a65d770c80 (12 bytes)
1686560203.137926 sending message 112 to peer 0x55a65d770c80 (13 bytes)
1686560203.137928 sending message 112 to peer 0x55a65d770c80 (13 bytes)
1686560203.137929 sending message 112 to peer 0x55a65d770c80 (13 bytes)
1686560203.137931 sending message 112 to peer 0x55a65d770c80 (13 bytes)
1686560203.137932 sending message 112 to peer 0x55a65d770c80 (13 bytes)
1686560203.137934 sending message 112 to peer 0x55a65d770c80 (11 bytes)
1686560203.137935 sending message 112 to peer 0x55a65d770c80 (11 bytes)
1686560203.137937 sending message 112 to peer 0x55a65d770c80 (12 bytes)
1686560203.137938 sending message 112 to peer 0x55a65d770c80 (12 bytes)
1686560203.137940 sending message 112 to peer 0x55a65d770c80 (12 bytes)
1686560203.137941 sending message 112 to peer 0x55a65d770c80 (12 bytes)
1686560203.137943 sending message 112 to peer 0x55a65d770c80 (12 bytes)
1686560203.137944 sending message 112 to peer 0x55a65d770c80 (11 bytes)
1686560203.137945 sending message 112 to peer 0x55a65d770c80 (12 bytes)
1686560203.137947 sending message 112 to peer 0x55a65d770c80 (12 bytes)
1686560203.137948 sending message 112 to peer 0x55a65d770c80 (13 bytes)
1686560203.137950 sending message 112 to peer 0x55a65d770c80 (13 bytes)
1686560203.137951 sending message 112 to peer 0x55a65d770c80 (13 bytes)
1686560203.137953 sending message 112 to peer 0x55a65d770c80 (13 bytes)
1686560203.137954 sending message 112 to peer 0x55a65d770c80 (13 bytes)
1686560203.137956 sending message 112 to peer 0x55a65d770c80 (10 bytes)
1686560203.137958 sending message 112 to peer 0x55a65d770c80 (9 bytes)
1686560203.137959 sending message 112 to peer 0x55a65d770c80 (12 bytes)
1686560203.137960 sending message 112 to peer 0x55a65d770c80 (13 bytes)
1686560203.137962 sending message 112 to peer 0x55a65d770c80 (13 bytes)
1686560203.137963 sending message 112 to peer 0x55a65d770c80 (13 bytes)
1686560203.137965 sending message 112 to peer 0x55a65d770c80 (13 bytes)
1686560203.137966 sending message 112 to peer 0x55a65d770c80 (13 bytes)
1686560203.137968 sending message 112 to peer 0x55a65d770c80 (9 bytes)
1686560203.137971 sending message 112 to peer 0x55a65d770c80 (12 bytes)
1686560203.137973 sending message 112 to peer 0x55a65d770c80 (13 bytes)
1686560203.137974 sending message 112 to peer 0x55a65d770c80 (13 bytes)
1686560203.137976 sending message 112 to peer 0x55a65d770c80 (13 bytes)
1686560203.137977 sending message 112 to peer 0x55a65d770c80 (13 bytes)
1686560203.137979 sending message 112 to peer 0x55a65d770c80 (13 bytes)
1686560203.137980 sending message 112 to peer 0x55a65d770c80 (11 bytes)
1686560203.137981 sending message 112 to peer 0x55a65d770c80 (12 bytes)
1686560203.137983 sending message 112 to peer 0x55a65d770c80 (13 bytes)
1686560203.137984 sending message 112 to peer 0x55a65d770c80 (13 bytes)
1686560203.137986 sending message 112 to peer 0x55a65d770c80 (13 bytes)
1686560203.137987 sending message 112 to peer 0x55a65d770c80 (13 bytes)
1686560203.137989 sending message 112 to peer 0x55a65d770c80 (13 bytes)
1686560203.137990 sending message 112 to peer 0x55a65d770c80 (11 bytes)
1686560203.137992 sending message 112 to peer 0x55a65d770c80 (12 bytes)
1686560203.137993 sending message 112 to peer 0x55a65d770c80 (12 bytes)
1686560203.137995 sending message 112 to peer 0x55a65d770c80 (12 bytes)
1686560203.137996 sending message 112 to peer 0x55a65d770c80 (12 bytes)
1686560203.137998 sending message 112 to peer 0x55a65d770c80 (12 bytes)
1686560203.137999 sending message 112 to peer 0x55a65d770c80 (21 bytes)
1686560203.138001 sending message 112 to peer 0x55a65d770c80 (12 bytes)
1686560203.138002 sending message 112 to peer 0x55a65d770c80 (9 bytes)
1686560203.138003 sending message 112 to peer 0x55a65d770c80 (6 bytes)
1686560203.138005 sending message 112 to peer 0x55a65d770c80 (13 bytes)
1686560203.138007 sending message 112 to peer 0x55a65d770c80 (8 bytes)
1686560203.138009 sending message 112 to peer 0x55a65d770c80 (15 bytes)
1686560203.138010 sending message 112 to peer 0x55a65d770c80 (13 bytes)
1686560203.138012 sending message 112 to peer 0x55a65d770c80 (9 bytes)
1686560203.138013 sending message 112 to peer 0x55a65d770c80 (70 bytes)
1686560203.138015 sending message 112 to peer 0x55a65d770c80 (69 bytes)
1686560203.138016 sending message 112 to peer 0x55a65d770c80 (10 bytes)
1686560203.138018 sending message 112 to peer 0x55a65d770c80 (10 bytes)
1686560203.138019 sending message 112 to peer 0x55a65d770c80 (8 bytes)
1686560203.138021 sending message 112 to peer 0x55a65d770c80 (15 bytes)
1686560203.138022 sending message 112 to peer 0x55a65d770c80 (13 bytes)
1686560203.138023 sending message 112 to peer 0x55a65d770c80 (10 bytes)
1686560203.138025 sending message 112 to peer 0x55a65d770c80 (10 bytes)
1686560203.138026 sending message 112 to peer 0x55a65d770c80 (17 bytes)
1686560203.138028 sending message 112 to peer 0x55a65d770c80 (10 bytes)
1686560203.138029 sending message 112 to peer 0x55a65d770c80 (13 bytes)
1686560203.138031 sending message 112 to peer 0x55a65d770c80 (9 bytes)
1686560203.138033 sending message 112 to peer 0x55a65d770c80 (5 bytes)
1686560203.138034 sending message 112 to peer 0x55a65d770c80 (15 bytes)
1686560203.138036 sending message 104 to peer 0x55a65d770c80 (0 bytes)
1686560203.138038 sending message 110 to peer 0x55a65d770c80 (0 bytes)
1686560203.138039 sending message 107 to peer 0x55a65d770c80 (4 bytes)
1686560203.138041 sending message 105 to peer 0x55a65d770c80 (45 bytes)
1686560203.138042 sending message 105 to peer 0x55a65d770c80 (60 bytes)
1686560203.138044 sending message 105 to peer 0x55a65d770c80 (42 bytes)
1686560203.138045 sending message 105 to peer 0x55a65d770c80 (16 bytes)
1686560203.138047 sending message 105 to peer 0x55a65d770c80 (41 bytes)
1686560203.138048 sending message 105 to peer 0x55a65d770c80 (20 bytes)
1686560203.138050 sending message 105 to peer 0x55a65d770c80 (54 bytes)
1686560203.138051 sending message 105 to peer 0x55a65d770c80 (21 bytes)
1686560203.138053 sending message 105 to peer 0x55a65d770c80 (13 bytes)
1686560203.138054 sending message 105 to peer 0x55a65d770c80 (12 bytes)
1686560203.138056 sending message 105 to peer 0x55a65d770c80 (39 bytes)
1686560203.138059 sending message 105 to peer 0x55a65d770c80 (16 bytes)
1686560203.138061 sending message 105 to peer 0x55a65d770c80 (40 bytes)
1686560203.138062 sending message 105 to peer 0x55a65d770c80 (45 bytes)
1686560203.138064 sending message 105 to peer 0x55a65d770c80 (40 bytes)
1686560203.138065 sending message 105 to peer 0x55a65d770c80 (34 bytes)
1686560203.138067 sending message 105 to peer 0x55a65d770c80 (79 bytes)
1686560203.138068 sending message 105 to peer 0x55a65d770c80 (47 bytes)
1686560203.138070 sending message 105 to peer 0x55a65d770c80 (30 bytes)
1686560203.138071 sending message 105 to peer 0x55a65d770c80 (28 bytes)
1686560203.138073 sending message 105 to peer 0x55a65d770c80 (24 bytes)
1686560203.138074 sending message 105 to peer 0x55a65d770c80 (16 bytes)
1686560203.138076 sending message 105 to peer 0x55a65d770c80 (44 bytes)
1686560203.138077 sending message 105 to peer 0x55a65d770c80 (31 bytes)
1686560203.138079 sending message 105 to peer 0x55a65d770c80 (17 bytes)
1686560203.138081 sending message 105 to peer 0x55a65d770c80 (15 bytes)
1686560203.138082 sending message 105 to peer 0x55a65d770c80 (13 bytes)
1686560203.138084 sending message 105 to peer 0x55a65d770c80 (51 bytes)
1686560203.138085 sending message 105 to peer 0x55a65d770c80 (26 bytes)
1686560203.138087 sending message 105 to peer 0x55a65d770c80 (10 bytes)
1686560203.138088 sending message 105 to peer 0x55a65d770c80 (201 bytes)
1686560203.138090 sending message 105 to peer 0x55a65d770c80 (44 bytes)
1686560203.138091 sending message 105 to peer 0x55a65d770c80 (28 bytes)
1686560203.138093 sending message 105 to peer 0x55a65d770c80 (19 bytes)
1686560203.138094 sending message 105 to peer 0x55a65d770c80 (27 bytes)
1686560203.138096 sending message 105 to peer 0x55a65d770c80 (14 bytes)
1686560203.138097 sending message 105 to peer 0x55a65d770c80 (119 bytes)
1686560203.138099 sending message 105 to peer 0x55a65d770c80 (15 bytes)
1686560203.138100 sending message 105 to peer 0x55a65d770c80 (8 bytes)
1686560203.138103 sending message 105 to peer 0x55a65d770c80 (19 bytes)
1686560203.138105 sending message 105 to peer 0x55a65d770c80 (41 bytes)
1686560203.138106 sending message 105 to peer 0x55a65d770c80 (19 bytes)
1686560203.138108 sending message 105 to peer 0x55a65d770c80 (18 bytes)
1686560203.138109 sending message 105 to peer 0x55a65d770c80 (26 bytes)
1686560203.138111 sending message 105 to peer 0x55a65d770c80 (35 bytes)
1686560203.138112 sending message 105 to peer 0x55a65d770c80 (13 bytes)
1686560203.138113 sending message 105 to peer 0x55a65d770c80 (58 bytes)
1686560203.138115 sending message 105 to peer 0x55a65d770c80 (10 bytes)
1686560203.138116 sending message 105 to peer 0x55a65d770c80 (12 bytes)
1686560203.138118 sending message 105 to peer 0x55a65d770c80 (17 bytes)
1686560203.138119 sending message 105 to peer 0x55a65d770c80 (19 bytes)
1686560203.138121 sending message 105 to peer 0x55a65d770c80 (44 bytes)
1686560203.138122 sending message 105 to peer 0x55a65d770c80 (33 bytes)
1686560203.138124 sending message 105 to peer 0x55a65d770c80 (25 bytes)
1686560203.138126 sending message 105 to peer 0x55a65d770c80 (35 bytes)
1686560203.138127 sending message 105 to peer 0x55a65d770c80 (25 bytes)
1686560203.138129 sending message 105 to peer 0x55a65d770c80 (136 bytes)
1686560203.138131 sending message 105 to peer 0x55a65d770c80 (38 bytes)
1686560203.138132 sending message 105 to peer 0x55a65d770c80 (48 bytes)
1686560203.138133 sending message 105 to peer 0x55a65d770c80 (22 bytes)
1686560203.138135 sending message 105 to peer 0x55a65d770c80 (31 bytes)
1686560203.138136 sending message 105 to peer 0x55a65d770c80 (15 bytes)
1686560203.138138 sending message 105 to peer 0x55a65d770c80 (52 bytes)
1686560203.138139 sending message 105 to peer 0x55a65d770c80 (23 bytes)
1686560203.138141 sending message 105 to peer 0x55a65d770c80 (25 bytes)
1686560203.138142 sending message 105 to peer 0x55a65d770c80 (17 bytes)
1686560203.138144 sending message 105 to peer 0x55a65d770c80 (58 bytes)
1686560203.138147 sending message 105 to peer 0x55a65d770c80 (21 bytes)
1686560203.138149 sending message 105 to peer 0x55a65d770c80 (39 bytes)
1686560203.138151 sending message 105 to peer 0x55a65d770c80 (11 bytes)
1686560203.138152 sending message 105 to peer 0x55a65d770c80 (31 bytes)
1686560203.138154 sending message 105 to peer 0x55a65d770c80 (16 bytes)
1686560203.138155 sending message 105 to peer 0x55a65d770c80 (65 bytes)
1686560203.138156 sending message 105 to peer 0x55a65d770c80 (13 bytes)
1686560203.138158 sending message 106 to peer 0x55a65d770c80 (0 bytes)
1686560203.138183 sending message 200 to peer 0x55a65d770c80 (4 bytes)
1686560203.138185 client loop enter
1686560203.138488 peer 0x55a65d770c80 message 303
1686560203.138491 open write file 2 -
1686560203.138495 sending message 305 to peer 0x55a65d770c80 (8 bytes)
1686560203.138499 write check file 2
1686560203.138549 peer 0x55a65d770c80 message 304
1686560203.138551 write 58 to file 2
1686560203.138553 peer 0x55a65d770c80 message 203
1686560203.138555 file 2 58 bytes left
1686560203.138560 write check file 2
1686560203.138561 client loop exit
